# JRE version: OpenJDK Runtime Environment Temurin-21.0.10+7 (21.0.10+7) (build 21.0.10+7-LTS)
# Java VM: OpenJDK 64-Bit Server VM Temurin-21.0.10+7 (21.0.10+7-LTS, mixed mode, sharing, tiered, compressed oops, compressed class ptrs, parallel gc, windows-amd64)
GC Precious Log:
 CardTable entry size: 512
 CPUs: 12 total, 12 available
 Memory: 16024M
 Large Page Support: Disabled
 NUMA Support: Disabled
 Compressed Oops: Enabled (32-bit)
 Alignments: Space 512K, Generation 512K, Heap 2M
 Heap Min Capacity: 100M
 Heap Initial Capacity: 100M
 Heap Max Capacity: 2G
 Pre-touch: Disabled
 Parallel Workers: 10
Heap:
 PSYoungGen      total 14336K, used 4082K [0x00000000d5580000, 0x00000000d6480000, 0x0000000100000000)
  eden space 13312K, 27% used [0x00000000d5580000,0x00000000d5914b70,0x00000000d6280000)
  from space 1024K, 40% used [0x00000000d6380000,0x00000000d63e8000,0x00000000d6480000)
  to   space 1024K, 0% used [0x00000000d6280000,0x00000000d6280000,0x00000000d6380000)
 ParOldGen       total 840704K, used 840213K [0x0000000080000000, 0x00000000b3500000, 0x00000000d5580000)
  object space 840704K, 99% used [0x0000000080000000,0x00000000b34857d8,0x00000000b3500000)
 Metaspace       used 68975K, committed 70784K, reserved 1114112K
  class space    used 7222K, committed 8000K, reserved 1048576K
GC Heap History (20 events):
Event: 76.797 GC heap before
{Heap before GC invocations=1436 (full 3):
 PSYoungGen      total 11264K, used 11236K [0x00000000d5580000, 0x00000000d6300000, 0x0000000100000000)
  eden space 10752K, 100% used [0x00000000d5580000,0x00000000d6000000,0x00000000d6000000)
  from space 512K, 94% used [0x00000000d6100000,0x00000000d61790c8,0x00000000d6180000)
  to   space 1024K, 0% used [0x00000000d6000000,0x00000000d6000000,0x00000000d6100000)
 ParOldGen       total 835584K, used 835284K [0x0000000080000000, 0x00000000b3000000, 0x00000000d5580000)
  object space 835584K, 99% used [0x0000000080000000,0x00000000b2fb5378,0x00000000b3000000)
 Metaspace       used 68948K, committed 70784K, reserved 1114112K
  class space    used 7221K, committed 8000K, reserved 1048576K
}
Event: 76.801 GC heap after
{Heap after GC invocations=1436 (full 3):
 PSYoungGen      total 11776K, used 1004K [0x00000000d5580000, 0x00000000d6580000, 0x0000000100000000)
  eden space 10752K, 0% used [0x00000000d5580000,0x00000000d5580000,0x00000000d6000000)
  from space 1024K, 98% used [0x00000000d6000000,0x00000000d60fb338,0x00000000d6100000)
  to   space 1536K, 0% used [0x00000000d6400000,0x00000000d6400000,0x00000000d6580000)
 ParOldGen       total 836096K, used 835681K [0x0000000080000000, 0x00000000b3080000, 0x00000000d5580000)
  object space 836096K, 99% used [0x0000000080000000,0x00000000b3018440,0x00000000b3080000)
 Metaspace       used 68948K, committed 70784K, reserved 1114112K
  class space    used 7221K, committed 8000K, reserved 1048576K
}
Event: 76.814 GC heap before
{Heap before GC invocations=1437 (full 3):
 PSYoungGen      total 11776K, used 11756K [0x00000000d5580000, 0x00000000d6580000, 0x0000000100000000)
  eden space 10752K, 100% used [0x00000000d5580000,0x00000000d6000000,0x00000000d6000000)
  from space 1024K, 98% used [0x00000000d6000000,0x00000000d60fb338,0x00000000d6100000)
  to   space 1536K, 0% used [0x00000000d6400000,0x00000000d6400000,0x00000000d6580000)
 ParOldGen       total 836096K, used 835681K [0x0000000080000000, 0x00000000b3080000, 0x00000000d5580000)
  object space 836096K, 99% used [0x0000000080000000,0x00000000b3018440,0x00000000b3080000)
 Metaspace       used 68948K, committed 70784K, reserved 1114112K
  class space    used 7221K, committed 8000K, reserved 1048576K
}
Event: 76.818 GC heap after
{Heap after GC invocations=1437 (full 3):
 PSYoungGen      total 14336K, used 682K [0x00000000d5580000, 0x00000000d6500000, 0x0000000100000000)
  eden space 13312K, 0% used [0x00000000d5580000,0x00000000d5580000,0x00000000d6280000)
  from space 1024K, 66% used [0x00000000d6400000,0x00000000d64aa9f8,0x00000000d6500000)
  to   space 1024K, 0% used [0x00000000d6300000,0x00000000d6300000,0x00000000d6400000)
 ParOldGen       total 837120K, used 836653K [0x0000000080000000, 0x00000000b3180000, 0x00000000d5580000)
  object space 837120K, 99% used [0x0000000080000000,0x00000000b310b778,0x00000000b3180000)
 Metaspace       used 68948K, committed 70784K, reserved 1114112K
  class space    used 7221K, committed 8000K, reserved 1048576K
}
Event: 76.838 GC heap before
{Heap before GC invocations=1438 (full 3):
 PSYoungGen      total 14336K, used 13994K [0x00000000d5580000, 0x00000000d6500000, 0x0000000100000000)
  eden space 13312K, 100% used [0x00000000d5580000,0x00000000d6280000,0x00000000d6280000)
  from space 1024K, 66% used [0x00000000d6400000,0x00000000d64aa9f8,0x00000000d6500000)
  to   space 1024K, 0% used [0x00000000d6300000,0x00000000d6300000,0x00000000d6400000)
 ParOldGen       total 837120K, used 836653K [0x0000000080000000, 0x00000000b3180000, 0x00000000d5580000)
  object space 837120K, 99% used [0x0000000080000000,0x00000000b310b778,0x00000000b3180000)
 Metaspace       used 68948K, committed 70784K, reserved 1114112K
  class space    used 7221K, committed 8000K, reserved 1048576K
}
Event: 76.842 GC heap after
{Heap after GC invocations=1438 (full 3):
 PSYoungGen      total 14336K, used 736K [0x00000000d5580000, 0x00000000d6480000, 0x0000000100000000)
  eden space 13312K, 0% used [0x00000000d5580000,0x00000000d5580000,0x00000000d6280000)
  from space 1024K, 71% used [0x00000000d6300000,0x00000000d63b8000,0x00000000d6400000)
  to   space 512K, 0% used [0x00000000d6400000,0x00000000d6400000,0x00000000d6480000)
 ParOldGen       total 837632K, used 837132K [0x0000000080000000, 0x00000000b3200000, 0x00000000d5580000)
  object space 837632K, 99% used [0x0000000080000000,0x00000000b3183328,0x00000000b3200000)
 Metaspace       used 68948K, committed 70784K, reserved 1114112K
  class space    used 7221K, committed 8000K, reserved 1048576K
}
Event: 76.861 GC heap before
{Heap before GC invocations=1439 (full 3):
 PSYoungGen      total 14336K, used 14048K [0x00000000d5580000, 0x00000000d6480000, 0x0000000100000000)
  eden space 13312K, 100% used [0x00000000d5580000,0x00000000d6280000,0x00000000d6280000)
  from space 1024K, 71% used [0x00000000d6300000,0x00000000d63b8000,0x00000000d6400000)
  to   space 512K, 0% used [0x00000000d6400000,0x00000000d6400000,0x00000000d6480000)
 ParOldGen       total 837632K, used 837132K [0x0000000080000000, 0x00000000b3200000, 0x00000000d5580000)
  object space 837632K, 99% used [0x0000000080000000,0x00000000b3183328,0x00000000b3200000)
 Metaspace       used 68948K, committed 70784K, reserved 1114112K
  class space    used 7221K, committed 8000K, reserved 1048576K
}
Event: 76.865 GC heap after
{Heap after GC invocations=1439 (full 3):
 PSYoungGen      total 13824K, used 512K [0x00000000d5580000, 0x00000000d6580000, 0x0000000100000000)
  eden space 13312K, 0% used [0x00000000d5580000,0x00000000d5580000,0x00000000d6280000)
  from space 512K, 100% used [0x00000000d6400000,0x00000000d6480000,0x00000000d6480000)
  to   space 1536K, 0% used [0x00000000d6280000,0x00000000d6280000,0x00000000d6400000)
 ParOldGen       total 837632K, used 837609K [0x0000000080000000, 0x00000000b3200000, 0x00000000d5580000)
  object space 837632K, 99% used [0x0000000080000000,0x00000000b31fa680,0x00000000b3200000)
 Metaspace       used 68948K, committed 70784K, reserved 1114112K
  class space    used 7221K, committed 8000K, reserved 1048576K
}
Event: 76.958 GC heap before
{Heap before GC invocations=1440 (full 3):
 PSYoungGen      total 13824K, used 13824K [0x00000000d5580000, 0x00000000d6580000, 0x0000000100000000)
  eden space 13312K, 100% used [0x00000000d5580000,0x00000000d6280000,0x00000000d6280000)
  from space 512K, 100% used [0x00000000d6400000,0x00000000d6480000,0x00000000d6480000)
  to   space 1536K, 0% used [0x00000000d6280000,0x00000000d6280000,0x00000000d6400000)
 ParOldGen       total 837632K, used 837609K [0x0000000080000000, 0x00000000b3200000, 0x00000000d5580000)
  object space 837632K, 99% used [0x0000000080000000,0x00000000b31fa680,0x00000000b3200000)
 Metaspace       used 68954K, committed 70784K, reserved 1114112K
  class space    used 7221K, committed 8000K, reserved 1048576K
}
Event: 76.962 GC heap after
{Heap after GC invocations=1440 (full 3):
 PSYoungGen      total 13824K, used 480K [0x00000000d5580000, 0x00000000d6480000, 0x0000000100000000)
  eden space 13312K, 0% used [0x00000000d5580000,0x00000000d5580000,0x00000000d6280000)
  from space 512K, 93% used [0x00000000d6280000,0x00000000d62f8000,0x00000000d6300000)
  to   space 1024K, 0% used [0x00000000d6380000,0x00000000d6380000,0x00000000d6480000)
 ParOldGen       total 838144K, used 837985K [0x0000000080000000, 0x00000000b3280000, 0x00000000d5580000)
  object space 838144K, 99% used [0x0000000080000000,0x00000000b3258690,0x00000000b3280000)
 Metaspace       used 68954K, committed 70784K, reserved 1114112K
  class space    used 7221K, committed 8000K, reserved 1048576K
}
Event: 77.107 GC heap before
{Heap before GC invocations=1441 (full 3):
 PSYoungGen      total 13824K, used 13792K [0x00000000d5580000, 0x00000000d6480000, 0x0000000100000000)
  eden space 13312K, 100% used [0x00000000d5580000,0x00000000d6280000,0x00000000d6280000)
  from space 512K, 93% used [0x00000000d6280000,0x00000000d62f8000,0x00000000d6300000)
  to   space 1024K, 0% used [0x00000000d6380000,0x00000000d6380000,0x00000000d6480000)
 ParOldGen       total 838144K, used 837985K [0x0000000080000000, 0x00000000b3280000, 0x00000000d5580000)
  object space 838144K, 99% used [0x0000000080000000,0x00000000b3258690,0x00000000b3280000)
 Metaspace       used 68956K, committed 70784K, reserved 1114112K
  class space    used 7221K, committed 8000K, reserved 1048576K
}
Event: 77.111 GC heap after
{Heap after GC invocations=1441 (full 3):
 PSYoungGen      total 13824K, used 416K [0x00000000d5580000, 0x00000000d6400000, 0x0000000100000000)
  eden space 13312K, 0% used [0x00000000d5580000,0x00000000d5580000,0x00000000d6280000)
  from space 512K, 81% used [0x00000000d6380000,0x00000000d63e8000,0x00000000d6400000)
  to   space 512K, 0% used [0x00000000d6280000,0x00000000d6280000,0x00000000d6300000)
 ParOldGen       total 838656K, used 838257K [0x0000000080000000, 0x00000000b3300000, 0x00000000d5580000)
  object space 838656K, 99% used [0x0000000080000000,0x00000000b329c690,0x00000000b3300000)
 Metaspace       used 68956K, committed 70784K, reserved 1114112K
  class space    used 7221K, committed 8000K, reserved 1048576K
}
Event: 77.186 GC heap before
{Heap before GC invocations=1442 (full 3):
 PSYoungGen      total 13824K, used 13728K [0x00000000d5580000, 0x00000000d6400000, 0x0000000100000000)
  eden space 13312K, 100% used [0x00000000d5580000,0x00000000d6280000,0x00000000d6280000)
  from space 512K, 81% used [0x00000000d6380000,0x00000000d63e8000,0x00000000d6400000)
  to   space 512K, 0% used [0x00000000d6280000,0x00000000d6280000,0x00000000d6300000)
 ParOldGen       total 838656K, used 838257K [0x0000000080000000, 0x00000000b3300000, 0x00000000d5580000)
  object space 838656K, 99% used [0x0000000080000000,0x00000000b329c690,0x00000000b3300000)
 Metaspace       used 68956K, committed 70784K, reserved 1114112K
  class space    used 7221K, committed 8000K, reserved 1048576K
}
Event: 77.189 GC heap after
{Heap after GC invocations=1442 (full 3):
 PSYoungGen      total 13824K, used 352K [0x00000000d5580000, 0x00000000d6400000, 0x0000000100000000)
  eden space 13312K, 0% used [0x00000000d5580000,0x00000000d5580000,0x00000000d6280000)
  from space 512K, 68% used [0x00000000d6280000,0x00000000d62d8000,0x00000000d6300000)
  to   space 512K, 0% used [0x00000000d6380000,0x00000000d6380000,0x00000000d6400000)
 ParOldGen       total 838656K, used 838569K [0x0000000080000000, 0x00000000b3300000, 0x00000000d5580000)
  object space 838656K, 99% used [0x0000000080000000,0x00000000b32ea690,0x00000000b3300000)
 Metaspace       used 68956K, committed 70784K, reserved 1114112K
  class space    used 7221K, committed 8000K, reserved 1048576K
}
Event: 77.218 GC heap before
{Heap before GC invocations=1443 (full 3):
 PSYoungGen      total 13824K, used 13664K [0x00000000d5580000, 0x00000000d6400000, 0x0000000100000000)
  eden space 13312K, 100% used [0x00000000d5580000,0x00000000d6280000,0x00000000d6280000)
  from space 512K, 68% used [0x00000000d6280000,0x00000000d62d8000,0x00000000d6300000)
  to   space 512K, 0% used [0x00000000d6380000,0x00000000d6380000,0x00000000d6400000)
 ParOldGen       total 838656K, used 838569K [0x0000000080000000, 0x00000000b3300000, 0x00000000d5580000)
  object space 838656K, 99% used [0x0000000080000000,0x00000000b32ea690,0x00000000b3300000)
 Metaspace       used 68956K, committed 70784K, reserved 1114112K
  class space    used 7221K, committed 8000K, reserved 1048576K
}
Event: 77.222 GC heap after
{Heap after GC invocations=1443 (full 3):
 PSYoungGen      total 13824K, used 384K [0x00000000d5580000, 0x00000000d6400000, 0x0000000100000000)
  eden space 13312K, 0% used [0x00000000d5580000,0x00000000d5580000,0x00000000d6280000)
  from space 512K, 75% used [0x00000000d6380000,0x00000000d63e0000,0x00000000d6400000)
  to   space 512K, 0% used [0x00000000d6280000,0x00000000d6280000,0x00000000d6300000)
 ParOldGen       total 839168K, used 838721K [0x0000000080000000, 0x00000000b3380000, 0x00000000d5580000)
  object space 839168K, 99% used [0x0000000080000000,0x00000000b3310690,0x00000000b3380000)
 Metaspace       used 68956K, committed 70784K, reserved 1114112K
  class space    used 7221K, committed 8000K, reserved 1048576K
}
Event: 77.281 GC heap before
{Heap before GC invocations=1444 (full 3):
 PSYoungGen      total 13824K, used 13696K [0x00000000d5580000, 0x00000000d6400000, 0x0000000100000000)
  eden space 13312K, 100% used [0x00000000d5580000,0x00000000d6280000,0x00000000d6280000)
  from space 512K, 75% used [0x00000000d6380000,0x00000000d63e0000,0x00000000d6400000)
  to   space 512K, 0% used [0x00000000d6280000,0x00000000d6280000,0x00000000d6300000)
 ParOldGen       total 839168K, used 838721K [0x0000000080000000, 0x00000000b3380000, 0x00000000d5580000)
  object space 839168K, 99% used [0x0000000080000000,0x00000000b3310690,0x00000000b3380000)
 Metaspace       used 68965K, committed 70784K, reserved 1114112K
  class space    used 7221K, committed 8000K, reserved 1048576K
}
Event: 77.285 GC heap after
{Heap after GC invocations=1444 (full 3):
 PSYoungGen      total 13824K, used 391K [0x00000000d5580000, 0x00000000d6400000, 0x0000000100000000)
  eden space 13312K, 0% used [0x00000000d5580000,0x00000000d5580000,0x00000000d6280000)
  from space 512K, 76% used [0x00000000d6280000,0x00000000d62e1c90,0x00000000d6300000)
  to   space 512K, 0% used [0x00000000d6380000,0x00000000d6380000,0x00000000d6400000)
 ParOldGen       total 839168K, used 838873K [0x0000000080000000, 0x00000000b3380000, 0x00000000d5580000)
  object space 839168K, 99% used [0x0000000080000000,0x00000000b3336690,0x00000000b3380000)
 Metaspace       used 68965K, committed 70784K, reserved 1114112K
  class space    used 7221K, committed 8000K, reserved 1048576K
}
Event: 77.377 GC heap before
{Heap before GC invocations=1445 (full 3):
 PSYoungGen      total 13824K, used 13703K [0x00000000d5580000, 0x00000000d6400000, 0x0000000100000000)
  eden space 13312K, 100% used [0x00000000d5580000,0x00000000d6280000,0x00000000d6280000)
  from space 512K, 76% used [0x00000000d6280000,0x00000000d62e1c90,0x00000000d6300000)
  to   space 512K, 0% used [0x00000000d6380000,0x00000000d6380000,0x00000000d6400000)
 ParOldGen       total 839168K, used 838873K [0x0000000080000000, 0x00000000b3380000, 0x00000000d5580000)
  object space 839168K, 99% used [0x0000000080000000,0x00000000b3336690,0x00000000b3380000)
 Metaspace       used 68975K, committed 70784K, reserved 1114112K
  class space    used 7222K, committed 8000K, reserved 1048576K
}
Event: 77.381 GC heap after
{Heap after GC invocations=1445 (full 3):
 PSYoungGen      total 13824K, used 448K [0x00000000d5580000, 0x00000000d6400000, 0x0000000100000000)
  eden space 13312K, 0% used [0x00000000d5580000,0x00000000d5580000,0x00000000d6280000)
  from space 512K, 87% used [0x00000000d6380000,0x00000000d63f0000,0x00000000d6400000)
  to   space 512K, 0% used [0x00000000d6280000,0x00000000d6280000,0x00000000d6300000)
 ParOldGen       total 839168K, used 839033K [0x0000000080000000, 0x00000000b3380000, 0x00000000d5580000)
  object space 839168K, 99% used [0x0000000080000000,0x00000000b335e690,0x00000000b3380000)
 Metaspace       used 68975K, committed 70784K, reserved 1114112K
  class space    used 7222K, committed 8000K, reserved 1048576K
}

