# JRE version: OpenJDK Runtime Environment Temurin-21.0.10+7 (21.0.10+7) (build 21.0.10+7-LTS)
# Java VM: OpenJDK 64-Bit Server VM Temurin-21.0.10+7 (21.0.10+7-LTS, mixed mode, sharing, tiered, compressed oops, compressed class ptrs, parallel gc, windows-amd64)
GC Precious Log:
 CardTable entry size: 512
 CPUs: 12 total, 12 available
 Memory: 16024M
 Large Page Support: Disabled
 NUMA Support: Disabled
 Compressed Oops: Enabled (32-bit)
 Alignments: Space 512K, Generation 512K, Heap 2M
 Heap Min Capacity: 100M
 Heap Initial Capacity: 100M
 Heap Max Capacity: 2G
 Pre-touch: Disabled
 Parallel Workers: 10
Heap:
 PSYoungGen      total 12800K, used 1915K [0x00000000d5580000, 0x00000000d6880000, 0x0000000100000000)
  eden space 12288K, 11% used [0x00000000d5580000,0x00000000d56e6ed0,0x00000000d6180000)
  from space 512K, 93% used [0x00000000d6800000,0x00000000d6878010,0x00000000d6880000)
  to   space 2048K, 0% used [0x00000000d6480000,0x00000000d6480000,0x00000000d6680000)
 ParOldGen       total 68608K, used 66254K [0x0000000080000000, 0x0000000084300000, 0x00000000d5580000)
  object space 68608K, 96% used [0x0000000080000000,0x00000000840b3b40,0x0000000084300000)
 Metaspace       used 48774K, committed 50176K, reserved 1114112K
  class space    used 5337K, committed 5952K, reserved 1048576K
GC Heap History (20 events):
Event: 7.289 GC heap after
{Heap after GC invocations=31 (full 2):
 PSYoungGen      total 8704K, used 704K [0x00000000d5580000, 0x00000000d6a00000, 0x0000000100000000)
  eden space 7680K, 0% used [0x00000000d5580000,0x00000000d5580000,0x00000000d5d00000)
  from space 1024K, 68% used [0x00000000d6800000,0x00000000d68b0000,0x00000000d6900000)
  to   space 1024K, 0% used [0x00000000d6900000,0x00000000d6900000,0x00000000d6a00000)
 ParOldGen       total 68608K, used 60526K [0x0000000080000000, 0x0000000084300000, 0x00000000d5580000)
  object space 68608K, 88% used [0x0000000080000000,0x0000000083b1b8b8,0x0000000084300000)
 Metaspace       used 46976K, committed 48192K, reserved 1114112K
  class space    used 5135K, committed 5632K, reserved 1048576K
}
Event: 7.309 GC heap before
{Heap before GC invocations=32 (full 2):
 PSYoungGen      total 8704K, used 8384K [0x00000000d5580000, 0x00000000d6a00000, 0x0000000100000000)
  eden space 7680K, 100% used [0x00000000d5580000,0x00000000d5d00000,0x00000000d5d00000)
  from space 1024K, 68% used [0x00000000d6800000,0x00000000d68b0000,0x00000000d6900000)
  to   space 1024K, 0% used [0x00000000d6900000,0x00000000d6900000,0x00000000d6a00000)
 ParOldGen       total 68608K, used 60526K [0x0000000080000000, 0x0000000084300000, 0x00000000d5580000)
  object space 68608K, 88% used [0x0000000080000000,0x0000000083b1b8b8,0x0000000084300000)
 Metaspace       used 46995K, committed 48192K, reserved 1114112K
  class space    used 5135K, committed 5632K, reserved 1048576K
}
Event: 7.310 GC heap after
{Heap after GC invocations=32 (full 2):
 PSYoungGen      total 8192K, used 288K [0x00000000d5580000, 0x00000000d6980000, 0x0000000100000000)
  eden space 7680K, 0% used [0x00000000d5580000,0x00000000d5580000,0x00000000d5d00000)
  from space 512K, 56% used [0x00000000d6900000,0x00000000d6948000,0x00000000d6980000)
  to   space 512K, 0% used [0x00000000d6880000,0x00000000d6880000,0x00000000d6900000)
 ParOldGen       total 68608K, used 61122K [0x0000000080000000, 0x0000000084300000, 0x00000000d5580000)
  object space 68608K, 89% used [0x0000000080000000,0x0000000083bb08c8,0x0000000084300000)
 Metaspace       used 46995K, committed 48192K, reserved 1114112K
  class space    used 5135K, committed 5632K, reserved 1048576K
}
Event: 7.350 GC heap before
{Heap before GC invocations=33 (full 2):
 PSYoungGen      total 8192K, used 7968K [0x00000000d5580000, 0x00000000d6980000, 0x0000000100000000)
  eden space 7680K, 100% used [0x00000000d5580000,0x00000000d5d00000,0x00000000d5d00000)
  from space 512K, 56% used [0x00000000d6900000,0x00000000d6948000,0x00000000d6980000)
  to   space 512K, 0% used [0x00000000d6880000,0x00000000d6880000,0x00000000d6900000)
 ParOldGen       total 68608K, used 61122K [0x0000000080000000, 0x0000000084300000, 0x00000000d5580000)
  object space 68608K, 89% used [0x0000000080000000,0x0000000083bb08c8,0x0000000084300000)
 Metaspace       used 47081K, committed 48320K, reserved 1114112K
  class space    used 5149K, committed 5696K, reserved 1048576K
}
Event: 7.365 GC heap after
{Heap after GC invocations=33 (full 2):
 PSYoungGen      total 8192K, used 509K [0x00000000d5580000, 0x00000000d6980000, 0x0000000100000000)
  eden space 7680K, 0% used [0x00000000d5580000,0x00000000d5580000,0x00000000d5d00000)
  from space 512K, 99% used [0x00000000d6880000,0x00000000d68ff600,0x00000000d6900000)
  to   space 512K, 0% used [0x00000000d6900000,0x00000000d6900000,0x00000000d6980000)
 ParOldGen       total 68608K, used 61566K [0x0000000080000000, 0x0000000084300000, 0x00000000d5580000)
  object space 68608K, 89% used [0x0000000080000000,0x0000000083c1f8d8,0x0000000084300000)
 Metaspace       used 47081K, committed 48320K, reserved 1114112K
  class space    used 5149K, committed 5696K, reserved 1048576K
}
Event: 7.388 GC heap before
{Heap before GC invocations=34 (full 2):
 PSYoungGen      total 8192K, used 8189K [0x00000000d5580000, 0x00000000d6980000, 0x0000000100000000)
  eden space 7680K, 100% used [0x00000000d5580000,0x00000000d5d00000,0x00000000d5d00000)
  from space 512K, 99% used [0x00000000d6880000,0x00000000d68ff600,0x00000000d6900000)
  to   space 512K, 0% used [0x00000000d6900000,0x00000000d6900000,0x00000000d6980000)
 ParOldGen       total 68608K, used 61566K [0x0000000080000000, 0x0000000084300000, 0x00000000d5580000)
  object space 68608K, 89% used [0x0000000080000000,0x0000000083c1f8d8,0x0000000084300000)
 Metaspace       used 47112K, committed 48384K, reserved 1114112K
  class space    used 5160K, committed 5696K, reserved 1048576K
}
Event: 7.389 GC heap after
{Heap after GC invocations=34 (full 2):
 PSYoungGen      total 8192K, used 448K [0x00000000d5580000, 0x00000000d6980000, 0x0000000100000000)
  eden space 7680K, 0% used [0x00000000d5580000,0x00000000d5580000,0x00000000d5d00000)
  from space 512K, 87% used [0x00000000d6900000,0x00000000d6970000,0x00000000d6980000)
  to   space 1024K, 0% used [0x00000000d6780000,0x00000000d6780000,0x00000000d6880000)
 ParOldGen       total 68608K, used 62027K [0x0000000080000000, 0x0000000084300000, 0x00000000d5580000)
  object space 68608K, 90% used [0x0000000080000000,0x0000000083c92ed8,0x0000000084300000)
 Metaspace       used 47112K, committed 48384K, reserved 1114112K
  class space    used 5160K, committed 5696K, reserved 1048576K
}
Event: 7.422 GC heap before
{Heap before GC invocations=35 (full 2):
 PSYoungGen      total 8192K, used 8128K [0x00000000d5580000, 0x00000000d6980000, 0x0000000100000000)
  eden space 7680K, 100% used [0x00000000d5580000,0x00000000d5d00000,0x00000000d5d00000)
  from space 512K, 87% used [0x00000000d6900000,0x00000000d6970000,0x00000000d6980000)
  to   space 1024K, 0% used [0x00000000d6780000,0x00000000d6780000,0x00000000d6880000)
 ParOldGen       total 68608K, used 62027K [0x0000000080000000, 0x0000000084300000, 0x00000000d5580000)
  object space 68608K, 90% used [0x0000000080000000,0x0000000083c92ed8,0x0000000084300000)
 Metaspace       used 47142K, committed 48384K, reserved 1114112K
  class space    used 5163K, committed 5696K, reserved 1048576K
}
Event: 7.423 GC heap after
{Heap after GC invocations=35 (full 2):
 PSYoungGen      total 8704K, used 768K [0x00000000d5580000, 0x00000000d6980000, 0x0000000100000000)
  eden space 7680K, 0% used [0x00000000d5580000,0x00000000d5580000,0x00000000d5d00000)
  from space 1024K, 75% used [0x00000000d6780000,0x00000000d6840000,0x00000000d6880000)
  to   space 1024K, 0% used [0x00000000d6880000,0x00000000d6880000,0x00000000d6980000)
 ParOldGen       total 68608K, used 62259K [0x0000000080000000, 0x0000000084300000, 0x00000000d5580000)
  object space 68608K, 90% used [0x0000000080000000,0x0000000083ccced8,0x0000000084300000)
 Metaspace       used 47142K, committed 48384K, reserved 1114112K
  class space    used 5163K, committed 5696K, reserved 1048576K
}
Event: 7.453 GC heap before
{Heap before GC invocations=36 (full 2):
 PSYoungGen      total 8704K, used 8448K [0x00000000d5580000, 0x00000000d6980000, 0x0000000100000000)
  eden space 7680K, 100% used [0x00000000d5580000,0x00000000d5d00000,0x00000000d5d00000)
  from space 1024K, 75% used [0x00000000d6780000,0x00000000d6840000,0x00000000d6880000)
  to   space 1024K, 0% used [0x00000000d6880000,0x00000000d6880000,0x00000000d6980000)
 ParOldGen       total 68608K, used 62259K [0x0000000080000000, 0x0000000084300000, 0x00000000d5580000)
  object space 68608K, 90% used [0x0000000080000000,0x0000000083ccced8,0x0000000084300000)
 Metaspace       used 47180K, committed 48448K, reserved 1114112K
  class space    used 5177K, committed 5696K, reserved 1048576K
}
Event: 7.454 GC heap after
{Heap after GC invocations=36 (full 2):
 PSYoungGen      total 8192K, used 288K [0x00000000d5580000, 0x00000000d6900000, 0x0000000100000000)
  eden space 7680K, 0% used [0x00000000d5580000,0x00000000d5580000,0x00000000d5d00000)
  from space 512K, 56% used [0x00000000d6880000,0x00000000d68c8000,0x00000000d6900000)
  to   space 512K, 0% used [0x00000000d6800000,0x00000000d6800000,0x00000000d6880000)
 ParOldGen       total 68608K, used 62867K [0x0000000080000000, 0x0000000084300000, 0x00000000d5580000)
  object space 68608K, 91% used [0x0000000080000000,0x0000000083d64ed8,0x0000000084300000)
 Metaspace       used 47180K, committed 48448K, reserved 1114112K
  class space    used 5177K, committed 5696K, reserved 1048576K
}
Event: 7.485 GC heap before
{Heap before GC invocations=37 (full 2):
 PSYoungGen      total 8192K, used 7968K [0x00000000d5580000, 0x00000000d6900000, 0x0000000100000000)
  eden space 7680K, 100% used [0x00000000d5580000,0x00000000d5d00000,0x00000000d5d00000)
  from space 512K, 56% used [0x00000000d6880000,0x00000000d68c8000,0x00000000d6900000)
  to   space 512K, 0% used [0x00000000d6800000,0x00000000d6800000,0x00000000d6880000)
 ParOldGen       total 68608K, used 62867K [0x0000000080000000, 0x0000000084300000, 0x00000000d5580000)
  object space 68608K, 91% used [0x0000000080000000,0x0000000083d64ed8,0x0000000084300000)
 Metaspace       used 47192K, committed 48448K, reserved 1114112K
  class space    used 5177K, committed 5696K, reserved 1048576K
}
Event: 7.486 GC heap after
{Heap after GC invocations=37 (full 2):
 PSYoungGen      total 8192K, used 512K [0x00000000d5580000, 0x00000000d6900000, 0x0000000100000000)
  eden space 7680K, 0% used [0x00000000d5580000,0x00000000d5580000,0x00000000d5d00000)
  from space 512K, 100% used [0x00000000d6800000,0x00000000d6880000,0x00000000d6880000)
  to   space 512K, 0% used [0x00000000d6880000,0x00000000d6880000,0x00000000d6900000)
 ParOldGen       total 68608K, used 63147K [0x0000000080000000, 0x0000000084300000, 0x00000000d5580000)
  object space 68608K, 92% used [0x0000000080000000,0x0000000083daaed8,0x0000000084300000)
 Metaspace       used 47192K, committed 48448K, reserved 1114112K
  class space    used 5177K, committed 5696K, reserved 1048576K
}
Event: 7.516 GC heap before
{Heap before GC invocations=38 (full 2):
 PSYoungGen      total 8192K, used 8192K [0x00000000d5580000, 0x00000000d6900000, 0x0000000100000000)
  eden space 7680K, 100% used [0x00000000d5580000,0x00000000d5d00000,0x00000000d5d00000)
  from space 512K, 100% used [0x00000000d6800000,0x00000000d6880000,0x00000000d6880000)
  to   space 512K, 0% used [0x00000000d6880000,0x00000000d6880000,0x00000000d6900000)
 ParOldGen       total 68608K, used 63147K [0x0000000080000000, 0x0000000084300000, 0x00000000d5580000)
  object space 68608K, 92% used [0x0000000080000000,0x0000000083daaed8,0x0000000084300000)
 Metaspace       used 47229K, committed 48512K, reserved 1114112K
  class space    used 5191K, committed 5696K, reserved 1048576K
}
Event: 7.517 GC heap after
{Heap after GC invocations=38 (full 2):
 PSYoungGen      total 8192K, used 512K [0x00000000d5580000, 0x00000000d6900000, 0x0000000100000000)
  eden space 7680K, 0% used [0x00000000d5580000,0x00000000d5580000,0x00000000d5d00000)
  from space 512K, 100% used [0x00000000d6880000,0x00000000d6900000,0x00000000d6900000)
  to   space 1536K, 0% used [0x00000000d6600000,0x00000000d6600000,0x00000000d6780000)
 ParOldGen       total 68608K, used 63619K [0x0000000080000000, 0x0000000084300000, 0x00000000d5580000)
  object space 68608K, 92% used [0x0000000080000000,0x0000000083e20ed8,0x0000000084300000)
 Metaspace       used 47229K, committed 48512K, reserved 1114112K
  class space    used 5191K, committed 5696K, reserved 1048576K
}
Event: 7.653 GC heap before
{Heap before GC invocations=39 (full 2):
 PSYoungGen      total 8192K, used 8161K [0x00000000d5580000, 0x00000000d6900000, 0x0000000100000000)
  eden space 7680K, 99% used [0x00000000d5580000,0x00000000d5cf84d8,0x00000000d5d00000)
  from space 512K, 100% used [0x00000000d6880000,0x00000000d6900000,0x00000000d6900000)
  to   space 1536K, 0% used [0x00000000d6600000,0x00000000d6600000,0x00000000d6780000)
 ParOldGen       total 68608K, used 63619K [0x0000000080000000, 0x0000000084300000, 0x00000000d5580000)
  object space 68608K, 92% used [0x0000000080000000,0x0000000083e20ed8,0x0000000084300000)
 Metaspace       used 47997K, committed 49344K, reserved 1114112K
  class space    used 5267K, committed 5824K, reserved 1048576K
}
Event: 7.654 GC heap after
{Heap after GC invocations=39 (full 2):
 PSYoungGen      total 9216K, used 504K [0x00000000d5580000, 0x00000000d6900000, 0x0000000100000000)
  eden space 7680K, 0% used [0x00000000d5580000,0x00000000d5580000,0x00000000d5d00000)
  from space 1536K, 32% used [0x00000000d6600000,0x00000000d667e1c8,0x00000000d6780000)
  to   space 1024K, 0% used [0x00000000d6800000,0x00000000d6800000,0x00000000d6900000)
 ParOldGen       total 68608K, used 64103K [0x0000000080000000, 0x0000000084300000, 0x00000000d5580000)
  object space 68608K, 93% used [0x0000000080000000,0x0000000083e99ee8,0x0000000084300000)
 Metaspace       used 47997K, committed 49344K, reserved 1114112K
  class space    used 5267K, committed 5824K, reserved 1048576K
}
Event: 7.843 GC heap before
{Heap before GC invocations=40 (full 2):
 PSYoungGen      total 9216K, used 8184K [0x00000000d5580000, 0x00000000d6900000, 0x0000000100000000)
  eden space 7680K, 100% used [0x00000000d5580000,0x00000000d5d00000,0x00000000d5d00000)
  from space 1536K, 32% used [0x00000000d6600000,0x00000000d667e1c8,0x00000000d6780000)
  to   space 1024K, 0% used [0x00000000d6800000,0x00000000d6800000,0x00000000d6900000)
 ParOldGen       total 68608K, used 64103K [0x0000000080000000, 0x0000000084300000, 0x00000000d5580000)
  object space 68608K, 93% used [0x0000000080000000,0x0000000083e99ee8,0x0000000084300000)
 Metaspace       used 48722K, committed 50112K, reserved 1114112K
  class space    used 5333K, committed 5952K, reserved 1048576K
}
Event: 7.845 GC heap after
{Heap after GC invocations=40 (full 2):
 PSYoungGen      total 8704K, used 800K [0x00000000d5580000, 0x00000000d6900000, 0x0000000100000000)
  eden space 7680K, 0% used [0x00000000d5580000,0x00000000d5580000,0x00000000d5d00000)
  from space 1024K, 78% used [0x00000000d6800000,0x00000000d68c8000,0x00000000d6900000)
  to   space 1024K, 0% used [0x00000000d6700000,0x00000000d6700000,0x00000000d6800000)
 ParOldGen       total 68608K, used 64489K [0x0000000080000000, 0x0000000084300000, 0x00000000d5580000)
  object space 68608K, 93% used [0x0000000080000000,0x0000000083efa7d8,0x0000000084300000)
 Metaspace       used 48722K, committed 50112K, reserved 1114112K
  class space    used 5333K, committed 5952K, reserved 1048576K
}
Event: 7.884 GC heap before
{Heap before GC invocations=41 (full 2):
 PSYoungGen      total 8704K, used 8480K [0x00000000d5580000, 0x00000000d6900000, 0x0000000100000000)
  eden space 7680K, 100% used [0x00000000d5580000,0x00000000d5d00000,0x00000000d5d00000)
  from space 1024K, 78% used [0x00000000d6800000,0x00000000d68c8000,0x00000000d6900000)
  to   space 1024K, 0% used [0x00000000d6700000,0x00000000d6700000,0x00000000d6800000)
 ParOldGen       total 68608K, used 64489K [0x0000000080000000, 0x0000000084300000, 0x00000000d5580000)
  object space 68608K, 93% used [0x0000000080000000,0x0000000083efa7d8,0x0000000084300000)
 Metaspace       used 48773K, committed 50176K, reserved 1114112K
  class space    used 5337K, committed 5952K, reserved 1048576K
}

